<?xml version="1.0" encoding="UTF-8"?>
<!-- Generated by org.testng.reporters.JUnitReportReporter -->
<testsuite hostname="LAPTOP-EJ0A88JD" failures="0" tests="1" name="AppiumExample.Animaker.TestChrome" time="8.952" errors="0" timestamp="2022-02-28T08:19:17 IST" skipped="0">
  <testcase classname="AppiumExample.Animaker.TestChrome" name="googleSearch" time="8.952"/>
  <system-out/>
</testsuite> <!-- AppiumExample.Animaker.TestChrome -->
